\BOOKMARK [0][-]{part.1}{I Chapitre 1}{}% 1
\BOOKMARK [1][-]{section.1}{D\351finitions}{part.1}% 2
\BOOKMARK [2][-]{subsection.1.1}{Le Volt}{section.1}% 3
\BOOKMARK [2][-]{subsection.1.2}{L'amp\350re}{section.1}% 4
\BOOKMARK [2][-]{subsection.1.3}{Coulomb}{section.1}% 5
\BOOKMARK [1][-]{section.2}{Lois et formules importantes}{part.1}% 6
\BOOKMARK [2][-]{subsection.2.1}{Loi de Pouillet}{section.2}% 7
\BOOKMARK [2][-]{subsection.2.2}{Loi de Mathiessen}{section.2}% 8
\BOOKMARK [2][-]{subsection.2.3}{Loi d'Ohm}{section.2}% 9
\BOOKMARK [2][-]{subsection.2.4}{La puissance}{section.2}% 10
\BOOKMARK [2][-]{subsection.2.5}{L'effet joule}{section.2}% 11
\BOOKMARK [2][-]{subsection.2.6}{La loi des noeuds}{section.2}% 12
\BOOKMARK [2][-]{subsection.2.7}{La loi des mailles}{section.2}% 13
\BOOKMARK [2][-]{subsection.2.8}{R\351cepteurs mis en s\351rie}{section.2}% 14
\BOOKMARK [3][-]{subsubsection.2.8.1}{Courant}{subsection.2.8}% 15
\BOOKMARK [3][-]{subsubsection.2.8.2}{Diff\351rence de potentiel}{subsection.2.8}% 16
\BOOKMARK [3][-]{subsubsection.2.8.3}{R\351sistances}{subsection.2.8}% 17
\BOOKMARK [2][-]{subsection.2.9}{R\351cepteurs mis en parall\350le}{section.2}% 18
\BOOKMARK [3][-]{subsubsection.2.9.1}{Courant}{subsection.2.9}% 19
\BOOKMARK [3][-]{subsubsection.2.9.2}{Diff\351rence de potentiel}{subsection.2.9}% 20
\BOOKMARK [3][-]{subsubsection.2.9.3}{R\351sistances}{subsection.2.9}% 21
\BOOKMARK [2][-]{subsection.2.10}{Th\351or\350me de Kennelly}{section.2}% 22
\BOOKMARK [0][-]{part.2}{II Chapitre 2}{}% 23
\BOOKMARK [1][-]{section.3}{D\351finitions}{part.2}% 24
\BOOKMARK [2][-]{subsection.3.1}{Les charges \351l\351mentaires}{section.3}% 25
\BOOKMARK [2][-]{subsection.3.2}{La permitivit\351 du vide}{section.3}% 26
\BOOKMARK [2][-]{subsection.3.3}{Le champ \351lectrique}{section.3}% 27
\BOOKMARK [2][-]{subsection.3.4}{La diff\351rence potentiel}{section.3}% 28
\BOOKMARK [2][-]{subsection.3.5}{Farad}{section.3}% 29
\BOOKMARK [1][-]{section.4}{Lois et formules importantes}{part.2}% 30
\BOOKMARK [2][-]{subsection.4.1}{Loi de Coulomb}{section.4}% 31
\BOOKMARK [2][-]{subsection.4.2}{Groupements de condensateurs}{section.4}% 32
\BOOKMARK [3][-]{subsubsection.4.2.1}{En parall\350le}{subsection.4.2}% 33
\BOOKMARK [3][-]{subsubsection.4.2.2}{En s\351rie}{subsection.4.2}% 34
\BOOKMARK [2][-]{subsection.4.3}{L'\351nergie \351lectrostatique}{section.4}% 35
\BOOKMARK [0][-]{part.3}{III Chapitre 3}{}% 36
\BOOKMARK [1][-]{section.5}{Lois et formules importantes}{part.3}% 37
\BOOKMARK [2][-]{subsection.5.1}{Th\351or\350me de Th\351venin}{section.5}% 38
\BOOKMARK [2][-]{subsection.5.2}{Th\351or\350me de Norton}{section.5}% 39
